
2026-03-06 分布式集群流控与架构重构 (Phase 8) 前端：v4.4.0 后端：v4.4.0
  - 🌍 [分布式] 集群智能流控架构：基于 `Least Load` 向最小负荷的节点智能定向发送任务，杜绝了以前的轮询洗牌重连导致的掉线潮。
  - 🛡️ [高可用] StickySession 粘性保活机制：已经分配至工作节点的账号不会被系统状态变动挤掉。
  - 🚪 [网关] 融入 NGINX 原生防护屏障：正式抽象化 WebSocket 网关（支持跨服务器部署和负载均摊），由 docker-compose.yml 新增。
  - ⚙️ [控制台] 设置后台更新：在前端面板 Settings.vue 中加入分布式集流控开关，完全可视化管理。
  - 🐛 [修复] 偶发性日志空转闪断Bug根除：系统重新进入或 WS 尝试重连时不会再将原有长篇系统日志直接覆盖成空，实现了平缓时序衔接（Pinia 并发排重护航）。

2026-03-06 Phase 1-4 深度性能治理发布 v4.3.0 补充
新增：多端 Webhook 平台级推送告警能力。现对于系统被踢以及1002003风控休眠将触发跨设备警告。
新增：网络端 Request Dropping，超5秒超时的一般操作实施防堵塞强清策略机制。
调整：彻底使用 MySQL 接管文件配置写入方案，弃用旧式的 FS JSON 同步。
调整：对平台标记进行全方位隔离。涉及特征为(wx)的微信扫码端被阻断执行全量列表以及跨组偷菜，且周期拉长，保证低频率苟活。
调整：前端面板数据结构精简约束。
2026-03-06 日志系统重构与全栈架构优化 前端：v4.3.0 后端：v4.3.0
  - 🎨 [UI] 微信端无底线优化：突破微信跨域防盗链墙（403 Forbidden），全面找回微信好友丢失的头像。
  - 🎨 [UI] 视觉信息补全：为所有满足条件的好友重新点亮高亮农场等级（Lv）的玻璃态徽章，并在底层规避极长颜文字名称打乱响应式网格布局。
  - ⚡ [性能] 日志引擎重构：彻底解决前端 DOM 频繁重排死锁卡顿，后端下放独立隔离 `Worker` 日志池，单账号确保独享千条流水不被冲刷。
  - 🔄 [防串] 物理内存阻断：新增账号切换时的高敏 `clearLogs` 清理销毁机制，彻底根治多开切换时的旧数据“串流”合影现象。
  - 🚀 [架构] 多架构镜像：全面覆盖 ARM64 与 AMD64 双端 Docker 构建，支持一键拉起 App+MySQL+Redis+WeChat鉴权。
  - 🔐 [鉴权] 扫码容灾通道：QQ登录接入官方 API 优先直达，失败则毫秒级回退至第三方代理；微信恢复支持稳定的 iPad 与 车机 端协议。
  - 🎨 [UI] 主题跨域入侵统合：消除经验计算器、等级模拟器内的白色闪屏死锁，全局变量覆盖，并优化农场工具栏窄屏排版。
  - 🐛 [修复] 统一了全平台好友拉取机制(针对微信单独调用获取不到好友的问题)：将 SyncAll 设为全体终端首选优先级，解除硬编码平台限制，旧有 GetAll 转为降级容灾。同时底层补齐了 `getTimingConfig` 缺少的问题。
  - 🐛 [修复] 微信扫码端终端识别错误：修复了底层状态代码强依赖 `platform === 'wx'` 导致 `wx_car` 及 `wx_ipad` 在状态栏被误分类为 QQ 的显示 Bug。
  - 🐛 [修复] 微信端 SyncAll 请求异常：发现微信端极严的好友关系链限制导致 `SyncAll` 直报 `1000020`，已特调 `GetAll` 回落机制彻底消除海量日志红字报错。
  - 🐛 [修复] 启动账号界面响应异步卡顿：完美修复了账户面板点击启动后，UI 卡片未能即时异步侦听并显示绿色 "运行中" 状态，需要手动 F5 强制刷新页面的断流问题。
  - 🧹 [代码规范] 全局静态扫描大清扫：消除了历史遗留的大量 ESLint 报错提示、未引用的包及不规范的多行合并语句。
  - 🚨 [修复] Worker 启动崩溃及级联异常：修复了 `worker.js` 读取未定义环境变量导致的启动闪退，以及由此引发的 `ShopInfoRequest` 缺少 `encode` 报错脱轨。
  - 🔐 [鉴权] QQ登录模块净网：深度剥离了已经失效阻断的第三方代理依赖，彻底剔除 `ACCOUNT_MODE_PRESETS is not defined` 异常。
  - 🎨 [优化] 微信无用入口与余额隐匿：消减了由于微信侧关停导致不可用的通用登录渠道及余额展示，规避用户误操作。
  - 🎨 [UI] Sakura 主题色温修整：微调毛玻璃背景 opacity 边界属性，使得在粉色高亮主题下能够柔和通透而不刺眼。


2026-03-05 高效监控系统与运维自动化全家桶 前端：v4.2.0 后端：v4.2.0
  - 🛡️ [防封] 访客实况探针：底层挂载异步对比机制，每轮检查农场时无损拦截新访客行为（偷菜、种草、放虫），并通过缓存比对防止重复报警
  - 💬 [社交] GID名称逆向解析映射：彻底告别冰冷的 GID 数字阵，全服报警系统现已对接 `[缓存热端]`，实时呈现交互好友真实名称
  - 📊 [工具] “御农四维”策略推荐面板：数据分析图鉴顶部植入 `经验/利润/肥效/肥利` 四大维度算子推荐，且可根据当前等级动态调整计算池
  - 📦 [架构] 公共原子模块引擎分离：全新 `common.js` 正式接管原生服务流（如动态 Cooldown/TaskManager、指数退避 withRetry 和限流发生器）
  - 📡 [交互] 农作物宏观监测雷达：现在进入好友页甚至无需点开卡片，其挂机组件就已静默载入可偷/旱灾/草患的具体指标，配合瀑布流网络一览无遗
  - 🔧 [运维] 运维自动化脚本全家桶就绪：现在根目录加入了多达 7 个原生运维 Bash 脚本套组
    - 一键环境监测守护阵列：`quick-start.sh` (快速进入指引)
    - 进程与挂机系统级管控：`choose-background-method.sh` 附带支持 `systemd`、`pm2`、`screen` 与低负载守护的四个分发脚本
    - 超权限账户防宕机重置：不再受困无数据库工具，利用 `reset-admin-password.sh` / `fix-mysql-password.sh` 可一键爆破恢复所有丢失密码
  - 📚 [文档] 添加并编写了关于快速启动、运维常驻方案和重设密码相关的开发者指南系列
  - 📖 [帮助中心] 新增【运维部署】独立分类，将上述所有 Shell 运维脚本图文指引上架至前端系统 Web 控制台的御农 Help 模块内

2026-03-05 农场工具深度主题适配与代码同步 前端：v4.1.4 后端：v4.1.4
  - 🔘 [优化] 交互按钮可见性升级：修复计算按钮、验算按钮、排行Tab、模式切换等在深色主题下文字不可读，统一为白字+主题色渐变+text-shadow 高对比方案
  - 🔄 [同步] 好友模块代码同步：将最新版好友获取逻辑与过滤规则合并至主项目 friend.js
  - 📦 [同步] 农场工具资源同步：将最新版 calculator.html 和 plants.html（作物图鉴）同步至发布目录

2026-03-04 全工具主题统一与农场百科工具集成 前端：v4.1.3 后端：v4.1.3
  - 🧰 [新增] 农场百科工具页面：全新「农场百科工具」路由，通过 iframe 嵌入经验时间计算器、等级氪金模拟、作物图鉴查询、土地升级属性四大工具
  - 🎨 [重构] iframe 主题劫持引擎：实现跨文档主题同步，利用 MutationObserver + CSS 变量注入，确保所有嵌入工具与系统主题完美融合
  - 🌑 [优化] 浅色渐变全面清除：暗色模式下 Tailwind 框架的数十种浅色渐变类被 CSS + JS DOM 双重策略彻底覆盖
  - 🖼️ [修复] 农场工具图标路径修复：解决 calculator.html 中工具图标引用错误导致的闪烁和占位符显示
  - ⚙️ [新增] 智能施肥 UI 控件：Settings 新增「智能施肥」开关，支持二季作物延迟到最佳发力期施肥
  - 🔧 [新增] 种植计算引擎 (farm-calculator.js)：后端独立计算服务模块，为农场工具提供精算数据源

2026-03-04 极致并发防抖与流程约束优化 前端：v4.1.2 后端：v4.1.2
  - 🛡️ [防封] 旁路延迟售卖网关：偷菜后的售卖操作改为旁路防抖执行，带 3~8 分钟随机延迟，规避金币短时密集汇入的风控监控
  - 🛡️ [防封] 施肥请求平滑防封：施肥动作底层接入令牌桶限流器，彻底根除高并发导致 8002008 网络异常警告
  - ⚡ [优化] 有机肥极速循环分片让流：当遭遇一次性播撒数百甚至上千袋有机肥的需求时，系统每执行20次将强行“让流”休息8-15秒，主动将网络带宽与令牌额度让给“防偷心跳”与“极速抢收”，杜绝其它功能长时间假死。
  - ⚡ [优化] 前端高频重绘防抖降频：针对 WebSocket 高频数据流引入 300ms 缓冲池时间切片，合并渲染，根治多开账号造成的面板卡顿与内存泄漏
  - 🚑 [修复] 流程编排防死锁预警：配置流程编排时静态检查"施肥"节点，防止因缺失化肥供应导致挂机长期停滞死锁
  - 🐛 [修复] UI 闪烁全面根治：修复设置页开关闪烁（watch 双向数据流→nextTick 缓冲）、仪表盘高频推送抖动（批量合并+RAF节流）、好友列表重排闪烁（虚拟化稳定引用）
  - 🌾 [优化] 智能施肥二季优化：支持分析作物各阶段耗时，延迟到最佳发力期再施肥，避免第一阶段浪费化肥

2026-03-04 系统健壮性升级与底层修复 前端：v4.1.1 后端：v4.1.1
  - 🛠️ [重构] Admin 密码双轨隔离：废除底层 `user-store` 初始密码 `'admin'` 强绑定。新环境完全读取 `.env` 中 `ADMIN_PASSWORD`；消除后端免密登入分叉通道，统一鉴权并落库改密流。
  - 🚀 [优化] 财产保护极限优先：打破待机挂起隔离壁垒。当用户机处于主动防封或休眠等待时，一旦自家作物逼近成熟，将无视休眠封锁跨阶唤起，完成收割回种后安全归位。
  - 🚑 [修复] 施肥编排状态机冲突：彻底切断无序环境的播种后“立即施肥”在高级挂机（统合编排引擎）下的意外介入抢占，确保施肥动作只受总时钟指挥，不与化肥队冲突。
2026-03-04 施肥冲突修复与收获优先级 后端：v4.1.1
  - 🐛 [修复] 铲除种植后立即施肥与流程编排冲突：流程编排模式下种植后不再立即施无机肥，交由阶段施肥节点按作物阶段处理，解决二季作物提前施肥导致后续阶段失效
  - ⚡ [优化] 休眠期收获优先级提升：风控休眠/Ghosting 打盹期间仍允许收获自家成熟作物并重新播种

2026-03-04 核心功能体系：账号分级模式与体验重构 前端：v4.1.0 后端：v4.1.0
  - 🛡️ [系统] 账号多模式安全架构：上线【主号模式】【小号模式】【风险规避模式】。确保全服主号唯一性，小号享受自动防封延时错峰，风险号自动拉闸切断高危请求。
  - 🛠️ [修复] 用户模式热载落库补修：补齐底层模式状态与云端同步持久化接口，解决重启还原。
  - 💎 [优化] 免责说明紧凑化重排：削减模态框内留白 Padding，扩展核心文本可读层域。
  - 🧰 [新增] 自动化快选三件套：好友名单与过滤模块全面内嵌“全选、反选、清空”极速控制区。
  - 🚑 [修复] 侧边栏黑屏卡死根治：解决 Vue3 Router 切换确认弹窗动画打破的单根渲染死锁。
  - 🔍 [优化] 任务队列全景看板：旧版农场预览面板退役，代以双向调度的「统合系统发车队列」引擎。
  - ⚙️ [系统] 全局防封时间微调枢纽：抛弃源码中的硬编码 sleep 值，纳入中控室进行调参，随改随存。
  - 💎 [重构] 好友清单流式网格：终结无用垂直空白单列结构，升维流式磁贴 Grid 提升百倍操作视野。

2026-03-03 部署 SOP 与执行计划 文档
  - 新增 docs/DEPLOYMENT_SOP.md：部署标准操作流程
  - 新增 docs/DEPLOYMENT_PLAN.md：可执行部署计划
  - Dockerfile 修正：Update.log 路径改为 logs/development/Update.log
  - 部署教程：单独部署、一键脚本、本地微信扫码说明


2026-03-03 WebSocket 鉴权断连与日志性能优化 前端：v4.0.3 后端：v4.0.3
  - 🔌 [修复] WebSocket 登出断连：用户登出或 Token 过期后正确断开 WebSocket，防止僵尸连接
  - 📊 [优化] Dashboard 日志面板性能：初始加载量削减 + DOM 虚拟化，防止大量日志 DOM 卡顿
  - 🫥 [优化] 账号空态体验：加载骨架屏和无账号空态引导提示

2026-03-03 借鉴优秀功能补齐 · 前端：v4.0.0
- 🚀 三阶段好友巡查策略：扫描→偷菜→帮助，减少无效请求
- 🛡️ 偷菜好友黑/白名单双模式：灵活控制偷菜范围
- 🔒 被封禁好友自动加黑：自动识别 1002003 错误码
- ⚡ 令牌桶 + 优先级队列限流器：三层请求速率控制
- 📋 配置 Schema 校验框架：保存配置前自动类型/范围校验
- 🔑 PBKDF2 密码安全升级：10000次迭代+随机盐+自动迁移
- 📊 偷菜过滤详细日志：每轮巡查输出过滤汇总
- ⏱️ 时间轮调度器：大量定时任务场景 O(1) 性能
- 🧰 公共工具库：重试/超时/限流/格式化统一封装
- 📢 前端更新通知弹窗：新版本首次访问自动展示更新内容

2026-03-03 workflowConfig 保存修复与 Schema 完善 后端
  - saveSettings 补充 workflowConfig 到 snapshot，修复工作流编排保存丢失
  - 新增 WORKFLOW_CONFIG_SCHEMA、stealFriendFilter 校验；/api/settings/save 支持 strictValidation
  - rate-limiter、scheduler-optimized 增加预留/可选说明；security 增加热重载提醒

2026-03-02 反探测防封优化 前端：v3.8.5 后端：v3.8.5
  - 操作模拟降速：卖果实、开礼包、商城购买等内部延迟增大，加入 100ms 非均匀随机，降低机械脚本特征

2026-03-02 登录页品牌重塑与阻尼交互 前端：v3.9.0 后端：v3.9.0
  - 品牌升级「御农·QQ 农场智能助手」，登录页星树流体屏与渐变霓虹特效
  - 弹簧阻尼动效，四大特性区块交互优化；修复窄屏侧边栏死锁、Tooltip 被裁切

2026-03-02 仿生防封体系与全链路审计修复 后端：v3.9.1~v3.9.10
  - 🛡️ [防封] MySQL 活脉自动重连：夜间冷启动死链无损重连，上层业务零感知
  - 🤖 [防封] Ghosting 打盹机制：2% 概率触发 30~90 分钟强力休眠挂起，模拟人类离线
  - 👻 [防封] Noise 噪音注入：15% 概率从未访问池抽取好友混入走访队列，污染脚本特征
  - ⏱️ [防封] Scheduler 漂移补偿：定时器误差补偿 + setImmediate 切片，百人级并发时毫秒级准确
  - 🕒 [防封] 工作流默认间隔安全化：农场30~120秒/好友60~300秒随机区间，取代固定2秒危险值
  - 🐛 [修复] suspendUntil 风控休眠丢失：保存设置时透传休眠状态，防止休眠期提前解除
  - 🐛 [修复] 令牌桶 ReferenceError 致命缺陷：补全防饿死保护变量声明，防止批量抢收时崩溃
  - 🧼 [审计] 六轮代码审计修复：初始延迟随机化、有机肥节奏随机化、NPC 注入过滤等 6 项问题全量修复
  - 🗃️ [修复] 新部署自动建表：首次拉取 docker 时自动导入 SQL 表结构，解决 Table not found 崩溃


2026-03-02 第三方API密钥控制台化 前端：v3.8.4 后端：v3.8.4
  - 控制台免部署刷新：Settings 实时注入 wxAppId/wxApiKey，切断硬编码
  - store.json 持久化密钥，/api/admin/third-party-api 热应用

2026-03-02 核心数据引擎重构与隔离修复 前端：v3.8.0 后端：v3.8.0
  - MySQL+Redis 终局架构，铲除 SQLite/accounts.json；数据源隔离，单用户状态防越权
  - 前端断尾清理，强化鉴权拦截

2026-03-02 蹲守偷菜与精准打击架构 前端：v3.7.0 后端：v3.7.0
  - 偷菜设置新增「蹲守偷菜」模块，可自定义延迟 0-60 秒；巡查自动倒推好友土地成熟时间

2026-03-01 极速挂载与端云同步架构 前端：v3.6.0 后端：v3.6.0
  - 端云同步时间戳仲裁，多设备切换配置不覆盖；首屏懒加载，白屏率下降

2026-03-01 扫码重构与体验优化 前端：v3.5.2 后端：v3.5.2
  - 微信小程序扫码互通，并排选项卡秒切；深色主题 NProgress 动态变色
  - 密钥脱敏 .env 接管；微信登录请求 10-15s 超时保护

2026-03-01 UI架构大重构与防刷 前端：v3.4.0 后端：v3.4.0
  - 5 大主题色系+偷菜设置独立看板+Diff 高亮确认弹窗+体验卡一键发放
  - 体验卡时长/绑号上限/IP 冷却配置

2026-03-01 全局沉浸与平滑操作 前端：v3.3.4 后端：v3.3.4
  - 毛玻璃架构统一；阴影底色接轨全局变量，对比度提升

2026-03-01 丝滑防抖与安全限流 前端：v3.3.3 后端：v3.3.3
  - GPU 切层锁灭毛玻璃闪烁；极简模式锁死动画；Urgent Queue 防卡；令牌桶限速

2026-03-01 补充优化 前端：v3.2.2 后端：v3.2.2
  - NotificationBell 系统通知；performanceMode/colorTheme 端云同步；store.js 扩展

2026-03-01 深度优化 前端：v3.1.0 后端：v3.1.0
  - 5 套主题+毛玻璃；Chrome 闪屏修复；极简性能模式；pnpm lint 通过

2026-03-01 升级 前端：v3.0.0 后端：v3.0.0
  - 毛玻璃 UI、GPU 流光网格、5 大主题、暗夜对比度；后端主题配置存根

2026-03-01 升级 前端：v2.1.0 后端：v2.1.0
  - 偷菜设置独立面板、Diff 确认弹窗、偏好设置、体验卡；后端体验卡 API

2026-03-01 升级 前端：v2.1.0 后端：v2.1.0
前端
  -全新推出「偷菜设置」图形化独立面板，支持好友或蔬菜类型精准搜索与批量选择。
  -重构全局「自动化设置」大类，添加代码级高亮（Diff）确认保存弹窗，以防用户误修改。
  -侧边栏加入独立「偏好设置面板」，包含三模黑夜设定与 5 种高定质感主题系统（翠绿/赛博/黯金/深海/樱花粉）。
  -免登录注册直接支持一键获取「免费体验卡」并自动填入系统。
  -优化了账号选择、密码管理及帮助中心的暗黑模式体验，增强对比度。

后端
  -新增了「创建体验卡」、「体验卡参数配置」(时长及同时绑号上限) 等完善的全套 API。
  -增强对普通用户自动「续期体验」接口的安全控制与业务隔离。
  -规范化各功能的路由配置。



2026-02-28 优化 前端：v2.0.6 后端：v2.0.6
  -Analytics数据分析标签统一为/小时格式
  -深色模式图标和数据文字对比度提升
  -新增日出日落自动主题切换（三模式：浅色/深色/自动）

后端
  -主题设置支持auto模式



2026-02-27 二次更新 前端：v2.0.1 后端：v2.0.1
前端
  -添加推送渠道官网的跳转（感谢来自 囧囧JOJO 的pr）

后端
  -修复了经验上限后不帮忙功能失效的问题
  -修改了使用有机肥的逻辑，现在使用有机肥会一口气全用完
  -修复了默认设置的保存与读取问题（默认设置仍需手动在文件中修改）



2026-02-27 重构 前端：v2.0.0  后端：v2.0.0
后端重构
  - 项目结构重构，后端移至 core/，前端移至 web/，前后端分离
  - 新增 runtime/ 运行时模块（runtime-engine.js、worker-manager.js、data-provider.js、runtime-state.js）
  - 新增 services/scheduler.js 统一调度器
  - 新增 services/logger.js 日志模块
  - 新增 services/json-db.js 原子化 JSON 存储
  - 新增 services/account-resolver.js 账号解析
  - 新增 services/openserver.js

  功能新增
  - 好友黑名单：可对单个好友加入/移出黑名单，巡查时自动跳过
  - 账号升级统计
  - 开服红包自动领取
  - 本地生成二维码

  前端重构（Vue 3 + Pinia + UnoCSS）
  - 全新 Web 管理面板，替换原有界面
  - 侧边栏导航、账号切换
  - 概览页（今日统计带图标、高分屏适配）
  - 农场页、好友页、背包页、任务页、账号管理页、设置页
  - 实时日志（Socket.io），支持事件标签筛选
  - 移动端适配（100dvh、滚动修复）

  对于旧版中已经存在并被Merge的Pull Requests，也会在后续的更新中添加到新版
  感谢 梦念逍遥、格子、囧囧JOJO的pr

  ---






2026-02-23 二次更新 v1.2.1
修复：
使用化肥礼包或者填充化肥容器中可能出现的卡死问题
化肥容器达到上限后使用失败的提醒（现在化肥容器达到 990个小时就不会再填充化肥）
邮箱领取的日志输出事件名缺失修复
邮箱邮件类型领取修复
成长任务进度条显示修复

调整：
日志时间改为二十四小时制
优化土地卡片的显示
优化背包物品卡片的显示
修改了版本号，现在版本号更加直观





2026-02-23 一次更新 v1.2.0
【注意，本次更新内容极多，且并没有完全测试验证功能可行（我没有月卡，也没试着领图鉴奖励）】
【新版本有可能不稳定，且使用新版建议删除data目录（store.json可能存在冲突）】
新增：
账号可以自动购买商城免费礼包
自动领取分享奖励
自动领取月卡奖励
自动领取邮箱奖励
自动领取QQ会员奖励
用点卷购买化肥礼包
自动使用化肥礼包和化肥并填充进容器
自动领取图鉴奖励
允许当帮忙达到经验上限时不执行帮忙操作
现在会显示账号每日任务的完成情况以及各个礼包的领取情况
会显示账号当前成长任务内容以及进度

修复：
优化踢下线逻辑，现在账号踢下线不会删除账号
删除了部分冗余代码

调整：
将侧边栏的土地与农场合并为个人栏
删除极少用到的分析栏，并将入口放置在设置的种植策略区域
调整土地卡片与背包卡片的显示排列与大小
将推送渠道的部分英文名改为中文
对于下线提醒相关问题，可以查看pushoo官方文档，在README中已有提及





2026-02-22 一次更新 v1.1.1
新增：
账号下线提醒支持发送重登陆链接或者二维码链接并监听登录
//其实我想发深链，由本地服务器做一个临时中间页直接通过QQ深链跳转，但这太麻烦了，而且考虑到各个服务器host获取并不稳定就不了了之

调整：
修改了消息下线提醒推送的api，使用pushoo并支持多个平台的下线提醒

修复：
更新了一个依赖包的版本，解决一个低安全问题

来自 梦念逍遥 的 Pull request
新增：
添加应用图标文件并更新网页图标引用

调整：
实现统一的账户重启逻辑并清理冗余代码
重构好友访问逻辑

修复：
修复账号编辑与登录失效处理的若干问题




2026-02-21 一次更新 v1.1.0
新增：
账号下线通知提醒，账号下线会POST设置中的接口并把参数以json格式提交，支持bark，也可以自己搭建接口
可以设置账号离线后删除的时间间隔，默认2分钟
可以使用Docker部署，详见README

修复：
修复了各个密码框的密码可视按钮会因为密码框失焦或切换主题而消失
修复了上次更新中桌面端按钮的显示错位

调整：
调整设置卡片布局，合并 策略设置 与 自动控制 卡片，调整 密码设置 卡片布局





2026-02-21 特别更新
感谢 梦念逍遥 的 Pull request
以下是他的更新：
新增：
添加 GitHub Actions 工作流用于构建和发布
添加管理密码修改功能
增加登录失效检测与自动更新Code功能
更新客户端版本
解析WebSocket错误码并记录日志




2026-02-20 一次更新 v1.0.1
修复：
无账号情况下的保存设置与读取设置问题

调整：
把日志框中的模块归属输出规范化
日志框筛选器刷新优化
静默时段日志不再输出
领取任务奖励失败不再输出
出售收益待同步的事件移出
土地升级失败不再是警告，而是普通日志




2026-02-19 一次更新 v1.0.0

本次更新内容较多，可能出现bug

新增：
允许用户在手机端直接跳转QQ登录账号
概览页面农场，好友轮询时间可视化，点卷变化量可视化
全局设置改为每个用户账号使用一个独立的设置
【特别说明，当没有选中账号时，点击保存会保存到默认设置，即新账号加入后使用的设置，后续可以选择具体账号单独调整设置】
【请注意，旧版位于data目录下的store.json可能会与新版json不兼容，删除即可】
新增按经验/利润等收益进行种植的策略
日志框允许使用系统模块进行筛选

修复：
修复使用普通肥和两季作物相关的效率相关计算问题
修复日志框中任务获取没有日志的问题
修复多账号切换时刷新会导致当前选取账号失效的问题
修复多账号切换时农场，背包，好友界面不会自动刷新的问题
修复桌面端在极低分辨率下可能出现的UI显示问题

调整：
偷取好友作物后也会自动卖出
当关闭土地推送时，日志框不会再输出内容
自动控制设置卡片从概览页面调整到设置页面
删除前端模块的日志输出


## [2026-03-06] System Evolution Phase 2: Reliability & Decoupling
- **Security & ACID**: Wrapped `saveUsers` and `saveGlobalConfig` inside MySQL transactions (`withTransaction`), preventing deadlocks during auto-saves.
- **QoS Upgrades**: Implemented Weighted TTL (Time-To-Live) for `enqueueSend`. Low-priority reads decay after 3000ms, while seed/harvest tasks persist up to 15000ms. Throws recoverable timeouts.
- **Strategy Pattern (Decoupling)**: Removed hardcoded `platform.startsWith('wx')` from `friend.js`. Created `PlatformFactory` with `WeChatPlatform` and `QQPlatform` specific implementations for graceful degradation.
- **System Logs Persistence**: Intercepted IPC logs in `worker-manager.js` and bulk-inserted them into `system_logs` MySQL table every 5 seconds to provide unbounded historical auditing beyond the UI's 300-log LRU limit.
